2024-08-23 09:20:52.621  INFO 23072 --- [restartedMain] i.g.k.msclients.MsclientsApplication     : Starting MsclientsApplication using Java 17.0.10 on DESKTOP-8VM9LNU with PID 23072 (D:\DEV\Java\_Projetos\microservices\microservices\msclients\target\classes started by Ryzen7 in D:\DEV\Java\_Projetos\microservices\microservices)
2024-08-23 09:20:52.624  INFO 23072 --- [restartedMain] i.g.k.msclients.MsclientsApplication     : No active profile set, falling back to 1 default profile: "default"
2024-08-23 09:20:52.655  INFO 23072 --- [restartedMain] .e.DevToolsPropertyDefaultsPostProcessor : Devtools property defaults active! Set 'spring.devtools.add-properties' to 'false' to disable
2024-08-23 09:20:52.655  INFO 23072 --- [restartedMain] .e.DevToolsPropertyDefaultsPostProcessor : For additional web related logging consider setting the 'logging.level.web' property to 'DEBUG'
2024-08-23 09:20:53.360  INFO 23072 --- [restartedMain] .s.d.r.c.RepositoryConfigurationDelegate : Bootstrapping Spring Data JPA repositories in DEFAULT mode.
2024-08-23 09:20:53.455  INFO 23072 --- [restartedMain] .s.d.r.c.RepositoryConfigurationDelegate : Finished Spring Data repository scanning in 89 ms. Found 1 JPA repository interfaces.
2024-08-23 09:20:53.614  INFO 23072 --- [restartedMain] o.s.cloud.context.scope.GenericScope     : BeanFactory id=d916d53a-3a6f-3981-9600-f1a9e050ac51
2024-08-23 09:20:54.006  INFO 23072 --- [restartedMain] o.s.b.w.embedded.tomcat.TomcatWebServer  : Tomcat initialized with port(s): 0 (http)
2024-08-23 09:20:54.012  INFO 23072 --- [restartedMain] o.apache.catalina.core.StandardService   : Starting service [Tomcat]
2024-08-23 09:20:54.012  INFO 23072 --- [restartedMain] org.apache.catalina.core.StandardEngine  : Starting Servlet engine: [Apache Tomcat/9.0.63]
2024-08-23 09:20:54.079  INFO 23072 --- [restartedMain] o.a.c.c.C.[Tomcat].[localhost].[/]       : Initializing Spring embedded WebApplicationContext
2024-08-23 09:20:54.080  INFO 23072 --- [restartedMain] w.s.c.ServletWebServerApplicationContext : Root WebApplicationContext: initialization completed in 1407 ms
2024-08-23 09:20:54.154  INFO 23072 --- [restartedMain] com.zaxxer.hikari.HikariDataSource       : HikariPool-1 - Starting...
2024-08-23 09:20:54.320  INFO 23072 --- [restartedMain] com.zaxxer.hikari.HikariDataSource       : HikariPool-1 - Start completed.
2024-08-23 09:20:54.327  INFO 23072 --- [restartedMain] o.s.b.a.h2.H2ConsoleAutoConfiguration    : H2 console available at '/h2-console'. Database available at 'jdbc:h2:mem:85b2e1d8-3d5c-4430-8fb3-8521ef089d74'
2024-08-23 09:20:54.451  INFO 23072 --- [restartedMain] o.hibernate.jpa.internal.util.LogHelper  : HHH000204: Processing PersistenceUnitInfo [name: default]
2024-08-23 09:20:54.492  INFO 23072 --- [restartedMain] org.hibernate.Version                    : HHH000412: Hibernate ORM core version 5.6.9.Final
2024-08-23 09:20:54.625  INFO 23072 --- [restartedMain] o.hibernate.annotations.common.Version   : HCANN000001: Hibernate Commons Annotations {5.1.2.Final}
2024-08-23 09:20:54.717  INFO 23072 --- [restartedMain] org.hibernate.dialect.Dialect            : HHH000400: Using dialect: org.hibernate.dialect.H2Dialect
2024-08-23 09:20:55.099  INFO 23072 --- [restartedMain] o.h.e.t.j.p.i.JtaPlatformInitiator       : HHH000490: Using JtaPlatform implementation: [org.hibernate.engine.transaction.jta.platform.internal.NoJtaPlatform]
2024-08-23 09:20:55.105  INFO 23072 --- [restartedMain] j.LocalContainerEntityManagerFactoryBean : Initialized JPA EntityManagerFactory for persistence unit 'default'
2024-08-23 09:20:55.607  INFO 23072 --- [restartedMain] o.s.b.a.e.web.EndpointLinksResolver      : Exposing 17 endpoint(s) beneath base path '/actuator'
2024-08-23 09:20:55.631  WARN 23072 --- [restartedMain] JpaBaseConfiguration$JpaWebConfiguration : spring.jpa.open-in-view is enabled by default. Therefore, database queries may be performed during view rendering. Explicitly configure spring.jpa.open-in-view to disable this warning
2024-08-23 09:20:56.134  WARN 23072 --- [restartedMain] o.s.b.d.a.OptionalLiveReloadServer       : Unable to start LiveReload server
2024-08-23 09:20:56.225  INFO 23072 --- [restartedMain] DiscoveryClientOptionalArgsConfiguration : Eureka HTTP Client uses RestTemplate.
2024-08-23 09:20:56.264  WARN 23072 --- [restartedMain] iguration$LoadBalancerCaffeineWarnLogger : Spring Cloud LoadBalancer is currently working with the default cache. While this cache implementation is useful for development and tests, it's recommended to use Caffeine cache in production.You can switch to using Caffeine cache, by adding it and org.springframework.cache.caffeine.CaffeineCacheManager to the classpath.
2024-08-23 09:20:56.316  INFO 23072 --- [restartedMain] o.s.b.w.embedded.tomcat.TomcatWebServer  : Tomcat started on port(s): 55012 (http) with context path ''
2024-08-23 09:20:56.317  INFO 23072 --- [restartedMain] .s.c.n.e.s.EurekaAutoServiceRegistration : Updating port to 55012
2024-08-23 09:20:56.319  INFO 23072 --- [restartedMain] o.s.c.n.eureka.InstanceInfoFactory       : Setting initial instance status as: STARTING
2024-08-23 09:20:56.342  INFO 23072 --- [restartedMain] com.netflix.discovery.DiscoveryClient    : Initializing Eureka in region us-east-1
2024-08-23 09:20:56.346  INFO 23072 --- [restartedMain] c.n.d.s.r.aws.ConfigClusterResolver      : Resolving eureka endpoints via configuration
2024-08-23 09:20:56.363  INFO 23072 --- [restartedMain] com.netflix.discovery.DiscoveryClient    : Disable delta property : false
2024-08-23 09:20:56.363  INFO 23072 --- [restartedMain] com.netflix.discovery.DiscoveryClient    : Single vip registry refresh property : null
2024-08-23 09:20:56.363  INFO 23072 --- [restartedMain] com.netflix.discovery.DiscoveryClient    : Force full registry fetch : false
2024-08-23 09:20:56.363  INFO 23072 --- [restartedMain] com.netflix.discovery.DiscoveryClient    : Application is null : false
2024-08-23 09:20:56.363  INFO 23072 --- [restartedMain] com.netflix.discovery.DiscoveryClient    : Registered Applications size is zero : true
2024-08-23 09:20:56.363  INFO 23072 --- [restartedMain] com.netflix.discovery.DiscoveryClient    : Application version is -1: true
2024-08-23 09:20:56.363  INFO 23072 --- [restartedMain] com.netflix.discovery.DiscoveryClient    : Getting all instance registry info from the eureka server
2024-08-23 09:20:56.661  INFO 23072 --- [restartedMain] com.netflix.discovery.DiscoveryClient    : The response status is 200
2024-08-23 09:20:56.663  INFO 23072 --- [restartedMain] com.netflix.discovery.DiscoveryClient    : Starting heartbeat executor: renew interval is: 30
2024-08-23 09:20:56.664  INFO 23072 --- [restartedMain] c.n.discovery.InstanceInfoReplicator     : InstanceInfoReplicator onDemand update allowed rate per min is 4
2024-08-23 09:20:56.667  INFO 23072 --- [restartedMain] com.netflix.discovery.DiscoveryClient    : Discovery Client initialized at timestamp 1724415656667 with initial instances count: 0
2024-08-23 09:20:56.669  INFO 23072 --- [restartedMain] o.s.c.n.e.s.EurekaServiceRegistry        : Registering application MSCLIENTS with eureka with status UP
2024-08-23 09:20:56.669  INFO 23072 --- [restartedMain] com.netflix.discovery.DiscoveryClient    : Saw local status change event StatusChangeEvent [timestamp=1724415656669, current=UP, previous=STARTING]
2024-08-23 09:20:56.670  INFO 23072 --- [DiscoveryClient-InstanceInfoReplicator-0] com.netflix.discovery.DiscoveryClient    : DiscoveryClient_MSCLIENTS/msclients:9855a12db3dc2016ddeb8c357bcca903: registering service...
2024-08-23 09:20:56.765  INFO 23072 --- [restartedMain] i.g.k.msclients.MsclientsApplication     : Started MsclientsApplication in 4.528 seconds (JVM running for 5.013)
2024-08-23 09:20:56.799  INFO 23072 --- [DiscoveryClient-InstanceInfoReplicator-0] com.netflix.discovery.DiscoveryClient    : DiscoveryClient_MSCLIENTS/msclients:9855a12db3dc2016ddeb8c357bcca903 - registration status: 204
2024-08-23 09:20:56.859  INFO 23072 --- [RMI TCP Connection(2)-192.168.100.111] o.a.c.c.C.[Tomcat].[localhost].[/]       : Initializing Spring DispatcherServlet 'dispatcherServlet'
2024-08-23 09:20:56.859  INFO 23072 --- [RMI TCP Connection(2)-192.168.100.111] o.s.web.servlet.DispatcherServlet        : Initializing Servlet 'dispatcherServlet'
2024-08-23 09:20:56.861  INFO 23072 --- [RMI TCP Connection(2)-192.168.100.111] o.s.web.servlet.DispatcherServlet        : Completed initialization in 1 ms
2024-08-23 09:21:26.673  INFO 23072 --- [DiscoveryClient-CacheRefreshExecutor-0] com.netflix.discovery.DiscoveryClient    : Disable delta property : false
2024-08-23 09:21:26.673  INFO 23072 --- [DiscoveryClient-CacheRefreshExecutor-0] com.netflix.discovery.DiscoveryClient    : Single vip registry refresh property : null
2024-08-23 09:21:26.673  INFO 23072 --- [DiscoveryClient-CacheRefreshExecutor-0] com.netflix.discovery.DiscoveryClient    : Force full registry fetch : false
2024-08-23 09:21:26.673  INFO 23072 --- [DiscoveryClient-CacheRefreshExecutor-0] com.netflix.discovery.DiscoveryClient    : Application is null : false
2024-08-23 09:21:26.673  INFO 23072 --- [DiscoveryClient-CacheRefreshExecutor-0] com.netflix.discovery.DiscoveryClient    : Registered Applications size is zero : true
2024-08-23 09:21:26.673  INFO 23072 --- [DiscoveryClient-CacheRefreshExecutor-0] com.netflix.discovery.DiscoveryClient    : Application version is -1: false
2024-08-23 09:21:26.673  INFO 23072 --- [DiscoveryClient-CacheRefreshExecutor-0] com.netflix.discovery.DiscoveryClient    : Getting all instance registry info from the eureka server
2024-08-23 09:21:26.693  INFO 23072 --- [DiscoveryClient-CacheRefreshExecutor-0] com.netflix.discovery.DiscoveryClient    : The response status is 200
2024-08-23 09:25:56.372  INFO 23072 --- [AsyncResolver-bootstrap-executor-0] c.n.d.s.r.aws.ConfigClusterResolver      : Resolving eureka endpoints via configuration
2024-08-23 09:27:39.961  INFO 23072 --- [http-nio-auto-1-exec-10] i.g.k.m.application.ClientsResource      : Obtendo o status do microservice de clientes
2024-08-23 09:27:58.325  INFO 23072 --- [http-nio-auto-1-exec-8] o.springdoc.api.AbstractOpenApiResource  : Init duration for springdoc-openapi is: 105 ms
2024-08-23 09:30:56.382  INFO 23072 --- [AsyncResolver-bootstrap-executor-0] c.n.d.s.r.aws.ConfigClusterResolver      : Resolving eureka endpoints via configuration
2024-08-23 09:35:56.387  INFO 23072 --- [AsyncResolver-bootstrap-executor-0] c.n.d.s.r.aws.ConfigClusterResolver      : Resolving eureka endpoints via configuration
2024-08-23 09:40:56.387  INFO 23072 --- [AsyncResolver-bootstrap-executor-0] c.n.d.s.r.aws.ConfigClusterResolver      : Resolving eureka endpoints via configuration
2024-08-23 09:45:56.395  INFO 23072 --- [AsyncResolver-bootstrap-executor-0] c.n.d.s.r.aws.ConfigClusterResolver      : Resolving eureka endpoints via configuration
2024-08-23 09:46:10.393  INFO 29208 --- [restartedMain] i.g.k.mscards.MscardsApplication         : Starting MscardsApplication using Java 17.0.10 on DESKTOP-8VM9LNU with PID 29208 (D:\DEV\Java\_Projetos\microservices\microservices\mscards\target\classes started by Ryzen7 in D:\DEV\Java\_Projetos\microservices\microservices)
2024-08-23 09:46:10.394  INFO 29208 --- [restartedMain] i.g.k.mscards.MscardsApplication         : No active profile set, falling back to 1 default profile: "default"
2024-08-23 09:46:10.423  INFO 29208 --- [restartedMain] .e.DevToolsPropertyDefaultsPostProcessor : Devtools property defaults active! Set 'spring.devtools.add-properties' to 'false' to disable
2024-08-23 09:46:10.423  INFO 29208 --- [restartedMain] .e.DevToolsPropertyDefaultsPostProcessor : For additional web related logging consider setting the 'logging.level.web' property to 'DEBUG'
2024-08-23 09:46:11.150  INFO 29208 --- [restartedMain] .s.d.r.c.RepositoryConfigurationDelegate : Bootstrapping Spring Data JPA repositories in DEFAULT mode.
2024-08-23 09:46:11.240  INFO 29208 --- [restartedMain] .s.d.r.c.RepositoryConfigurationDelegate : Finished Spring Data repository scanning in 85 ms. Found 2 JPA repository interfaces.
2024-08-23 09:46:11.403  INFO 29208 --- [restartedMain] o.s.cloud.context.scope.GenericScope     : BeanFactory id=709aab43-ac60-3ae9-b399-78df46ebf149
2024-08-23 09:46:11.785  INFO 29208 --- [restartedMain] o.s.b.w.embedded.tomcat.TomcatWebServer  : Tomcat initialized with port(s): 0 (http)
2024-08-23 09:46:11.791  INFO 29208 --- [restartedMain] o.apache.catalina.core.StandardService   : Starting service [Tomcat]
2024-08-23 09:46:11.792  INFO 29208 --- [restartedMain] org.apache.catalina.core.StandardEngine  : Starting Servlet engine: [Apache Tomcat/9.0.63]
2024-08-23 09:46:11.859  INFO 29208 --- [restartedMain] o.a.c.c.C.[Tomcat].[localhost].[/]       : Initializing Spring embedded WebApplicationContext
2024-08-23 09:46:11.860  INFO 29208 --- [restartedMain] w.s.c.ServletWebServerApplicationContext : Root WebApplicationContext: initialization completed in 1436 ms
2024-08-23 09:46:11.939  INFO 29208 --- [restartedMain] com.zaxxer.hikari.HikariDataSource       : HikariPool-1 - Starting...
2024-08-23 09:46:12.075  INFO 29208 --- [restartedMain] com.zaxxer.hikari.HikariDataSource       : HikariPool-1 - Start completed.
2024-08-23 09:46:12.084  INFO 29208 --- [restartedMain] o.s.b.a.h2.H2ConsoleAutoConfiguration    : H2 console available at '/h2-console'. Database available at 'jdbc:h2:mem:bd56ad04-abe0-41cf-91df-a75ca97983bb'
2024-08-23 09:46:12.201  INFO 29208 --- [restartedMain] o.hibernate.jpa.internal.util.LogHelper  : HHH000204: Processing PersistenceUnitInfo [name: default]
2024-08-23 09:46:12.229  INFO 29208 --- [restartedMain] org.hibernate.Version                    : HHH000412: Hibernate ORM core version 5.6.9.Final
2024-08-23 09:46:12.328  INFO 29208 --- [restartedMain] o.hibernate.annotations.common.Version   : HCANN000001: Hibernate Commons Annotations {5.1.2.Final}
2024-08-23 09:46:12.402  INFO 29208 --- [restartedMain] org.hibernate.dialect.Dialect            : HHH000400: Using dialect: org.hibernate.dialect.H2Dialect
2024-08-23 09:46:12.740  INFO 29208 --- [restartedMain] o.h.e.t.j.p.i.JtaPlatformInitiator       : HHH000490: Using JtaPlatform implementation: [org.hibernate.engine.transaction.jta.platform.internal.NoJtaPlatform]
2024-08-23 09:46:12.745  INFO 29208 --- [restartedMain] j.LocalContainerEntityManagerFactoryBean : Initialized JPA EntityManagerFactory for persistence unit 'default'
2024-08-23 09:46:13.041  WARN 29208 --- [restartedMain] JpaBaseConfiguration$JpaWebConfiguration : spring.jpa.open-in-view is enabled by default. Therefore, database queries may be performed during view rendering. Explicitly configure spring.jpa.open-in-view to disable this warning
2024-08-23 09:46:13.938  WARN 29208 --- [restartedMain] o.s.b.d.a.OptionalLiveReloadServer       : Unable to start LiveReload server
2024-08-23 09:46:14.027  INFO 29208 --- [restartedMain] DiscoveryClientOptionalArgsConfiguration : Eureka HTTP Client uses RestTemplate.
2024-08-23 09:46:14.074  WARN 29208 --- [restartedMain] iguration$LoadBalancerCaffeineWarnLogger : Spring Cloud LoadBalancer is currently working with the default cache. While this cache implementation is useful for development and tests, it's recommended to use Caffeine cache in production.You can switch to using Caffeine cache, by adding it and org.springframework.cache.caffeine.CaffeineCacheManager to the classpath.
2024-08-23 09:46:14.077  INFO 29208 --- [restartedMain] o.s.b.a.e.web.EndpointLinksResolver      : Exposing 17 endpoint(s) beneath base path '/actuator'
2024-08-23 09:46:14.185  INFO 29208 --- [restartedMain] o.s.b.w.embedded.tomcat.TomcatWebServer  : Tomcat started on port(s): 56420 (http) with context path ''
2024-08-23 09:46:14.186  INFO 29208 --- [restartedMain] .s.c.n.e.s.EurekaAutoServiceRegistration : Updating port to 56420
2024-08-23 09:46:14.189  INFO 29208 --- [restartedMain] o.s.c.n.eureka.InstanceInfoFactory       : Setting initial instance status as: STARTING
2024-08-23 09:46:14.214  INFO 29208 --- [restartedMain] com.netflix.discovery.DiscoveryClient    : Initializing Eureka in region us-east-1
2024-08-23 09:46:14.217  INFO 29208 --- [restartedMain] c.n.d.s.r.aws.ConfigClusterResolver      : Resolving eureka endpoints via configuration
2024-08-23 09:46:14.231  INFO 29208 --- [restartedMain] com.netflix.discovery.DiscoveryClient    : Disable delta property : false
2024-08-23 09:46:14.232  INFO 29208 --- [restartedMain] com.netflix.discovery.DiscoveryClient    : Single vip registry refresh property : null
2024-08-23 09:46:14.232  INFO 29208 --- [restartedMain] com.netflix.discovery.DiscoveryClient    : Force full registry fetch : false
2024-08-23 09:46:14.232  INFO 29208 --- [restartedMain] com.netflix.discovery.DiscoveryClient    : Application is null : false
2024-08-23 09:46:14.232  INFO 29208 --- [restartedMain] com.netflix.discovery.DiscoveryClient    : Registered Applications size is zero : true
2024-08-23 09:46:14.232  INFO 29208 --- [restartedMain] com.netflix.discovery.DiscoveryClient    : Application version is -1: true
2024-08-23 09:46:14.232  INFO 29208 --- [restartedMain] com.netflix.discovery.DiscoveryClient    : Getting all instance registry info from the eureka server
2024-08-23 09:46:14.454  INFO 29208 --- [restartedMain] com.netflix.discovery.DiscoveryClient    : The response status is 200
2024-08-23 09:46:14.456  INFO 29208 --- [restartedMain] com.netflix.discovery.DiscoveryClient    : Starting heartbeat executor: renew interval is: 30
2024-08-23 09:46:14.458  INFO 29208 --- [restartedMain] c.n.discovery.InstanceInfoReplicator     : InstanceInfoReplicator onDemand update allowed rate per min is 4
2024-08-23 09:46:14.461  INFO 29208 --- [restartedMain] com.netflix.discovery.DiscoveryClient    : Discovery Client initialized at timestamp 1724417174460 with initial instances count: 1
2024-08-23 09:46:14.462  INFO 29208 --- [restartedMain] o.s.c.n.e.s.EurekaServiceRegistry        : Registering application MSCARDS with eureka with status UP
2024-08-23 09:46:14.462  INFO 29208 --- [restartedMain] com.netflix.discovery.DiscoveryClient    : Saw local status change event StatusChangeEvent [timestamp=1724417174462, current=UP, previous=STARTING]
2024-08-23 09:46:14.463  INFO 29208 --- [DiscoveryClient-InstanceInfoReplicator-0] com.netflix.discovery.DiscoveryClient    : DiscoveryClient_MSCARDS/mscards:cc16f028da442edb2d0c3c6b8d1c9bda: registering service...
2024-08-23 09:46:14.547  INFO 29208 --- [restartedMain] o.s.a.r.c.CachingConnectionFactory       : Attempting to connect to: [localhost:5672]
2024-08-23 09:46:14.558  INFO 29208 --- [DiscoveryClient-InstanceInfoReplicator-0] com.netflix.discovery.DiscoveryClient    : DiscoveryClient_MSCARDS/mscards:cc16f028da442edb2d0c3c6b8d1c9bda - registration status: 204
2024-08-23 09:46:14.594  INFO 29208 --- [restartedMain] o.s.a.r.c.CachingConnectionFactory       : Created new connection: rabbitConnectionFactory#65f911e0:0/SimpleConnection@26f32bc [delegate=amqp://guest@127.0.0.1:5672/, localPort= 56423]
2024-08-23 09:46:14.637  INFO 29208 --- [restartedMain] i.g.k.mscards.MscardsApplication         : Started MscardsApplication in 4.636 seconds (JVM running for 5.13)
2024-08-23 09:46:15.068  INFO 29208 --- [RMI TCP Connection(2)-192.168.100.111] o.a.c.c.C.[Tomcat].[localhost].[/]       : Initializing Spring DispatcherServlet 'dispatcherServlet'
2024-08-23 09:46:15.069  INFO 29208 --- [RMI TCP Connection(2)-192.168.100.111] o.s.web.servlet.DispatcherServlet        : Initializing Servlet 'dispatcherServlet'
2024-08-23 09:46:15.070  INFO 29208 --- [RMI TCP Connection(2)-192.168.100.111] o.s.web.servlet.DispatcherServlet        : Completed initialization in 1 ms
2024-08-23 09:46:38.699  INFO 18744 --- [restartedMain] i.g.k.m.MsCreditAssessorApplication      : Starting MsCreditAssessorApplication using Java 17.0.10 on DESKTOP-8VM9LNU with PID 18744 (D:\DEV\Java\_Projetos\microservices\microservices\mscreditassessor\target\classes started by Ryzen7 in D:\DEV\Java\_Projetos\microservices\microservices)
2024-08-23 09:46:38.700  INFO 18744 --- [restartedMain] i.g.k.m.MsCreditAssessorApplication      : No active profile set, falling back to 1 default profile: "default"
2024-08-23 09:46:38.729  INFO 18744 --- [restartedMain] .e.DevToolsPropertyDefaultsPostProcessor : Devtools property defaults active! Set 'spring.devtools.add-properties' to 'false' to disable
2024-08-23 09:46:38.729  INFO 18744 --- [restartedMain] .e.DevToolsPropertyDefaultsPostProcessor : For additional web related logging consider setting the 'logging.level.web' property to 'DEBUG'
2024-08-23 09:46:39.556  INFO 18744 --- [restartedMain] o.s.cloud.context.scope.GenericScope     : BeanFactory id=df5ad475-3ec0-3dfd-86e5-1871413f12e0
2024-08-23 09:46:39.891  INFO 18744 --- [restartedMain] o.s.b.w.embedded.tomcat.TomcatWebServer  : Tomcat initialized with port(s): 0 (http)
2024-08-23 09:46:39.897  INFO 18744 --- [restartedMain] o.apache.catalina.core.StandardService   : Starting service [Tomcat]
2024-08-23 09:46:39.898  INFO 18744 --- [restartedMain] org.apache.catalina.core.StandardEngine  : Starting Servlet engine: [Apache Tomcat/9.0.63]
2024-08-23 09:46:39.961  INFO 18744 --- [restartedMain] o.a.c.c.C.[Tomcat].[localhost].[/]       : Initializing Spring embedded WebApplicationContext
2024-08-23 09:46:39.961  INFO 18744 --- [restartedMain] w.s.c.ServletWebServerApplicationContext : Root WebApplicationContext: initialization completed in 1231 ms
2024-08-23 09:46:40.183  WARN 18744 --- [restartedMain] o.s.b.d.a.OptionalLiveReloadServer       : Unable to start LiveReload server
2024-08-23 09:46:40.218  INFO 18744 --- [restartedMain] o.s.c.openfeign.FeignClientFactoryBean   : For 'msclients' URL not provided. Will try picking an instance via load-balancing.
2024-08-23 09:46:40.259  INFO 18744 --- [restartedMain] o.s.c.openfeign.FeignClientFactoryBean   : For 'mscards' URL not provided. Will try picking an instance via load-balancing.
2024-08-23 09:46:41.161  INFO 18744 --- [restartedMain] DiscoveryClientOptionalArgsConfiguration : Eureka HTTP Client uses RestTemplate.
2024-08-23 09:46:41.188  WARN 18744 --- [restartedMain] iguration$LoadBalancerCaffeineWarnLogger : Spring Cloud LoadBalancer is currently working with the default cache. While this cache implementation is useful for development and tests, it's recommended to use Caffeine cache in production.You can switch to using Caffeine cache, by adding it and org.springframework.cache.caffeine.CaffeineCacheManager to the classpath.
2024-08-23 09:46:41.193  INFO 18744 --- [restartedMain] o.s.b.a.e.web.EndpointLinksResolver      : Exposing 17 endpoint(s) beneath base path '/actuator'
2024-08-23 09:46:41.268  INFO 18744 --- [restartedMain] o.s.b.w.embedded.tomcat.TomcatWebServer  : Tomcat started on port(s): 56445 (http) with context path ''
2024-08-23 09:46:41.269  INFO 18744 --- [restartedMain] .s.c.n.e.s.EurekaAutoServiceRegistration : Updating port to 56445
2024-08-23 09:46:41.271  INFO 18744 --- [restartedMain] o.s.c.n.eureka.InstanceInfoFactory       : Setting initial instance status as: STARTING
2024-08-23 09:46:41.292  INFO 18744 --- [restartedMain] com.netflix.discovery.DiscoveryClient    : Initializing Eureka in region us-east-1
2024-08-23 09:46:41.295  INFO 18744 --- [restartedMain] c.n.d.s.r.aws.ConfigClusterResolver      : Resolving eureka endpoints via configuration
2024-08-23 09:46:41.309  INFO 18744 --- [restartedMain] com.netflix.discovery.DiscoveryClient    : Disable delta property : false
2024-08-23 09:46:41.309  INFO 18744 --- [restartedMain] com.netflix.discovery.DiscoveryClient    : Single vip registry refresh property : null
2024-08-23 09:46:41.309  INFO 18744 --- [restartedMain] com.netflix.discovery.DiscoveryClient    : Force full registry fetch : false
2024-08-23 09:46:41.309  INFO 18744 --- [restartedMain] com.netflix.discovery.DiscoveryClient    : Application is null : false
2024-08-23 09:46:41.309  INFO 18744 --- [restartedMain] com.netflix.discovery.DiscoveryClient    : Registered Applications size is zero : true
2024-08-23 09:46:41.309  INFO 18744 --- [restartedMain] com.netflix.discovery.DiscoveryClient    : Application version is -1: true
2024-08-23 09:46:41.309  INFO 18744 --- [restartedMain] com.netflix.discovery.DiscoveryClient    : Getting all instance registry info from the eureka server
2024-08-23 09:46:41.524  INFO 18744 --- [restartedMain] com.netflix.discovery.DiscoveryClient    : The response status is 200
2024-08-23 09:46:41.526  INFO 18744 --- [restartedMain] com.netflix.discovery.DiscoveryClient    : Starting heartbeat executor: renew interval is: 30
2024-08-23 09:46:41.527  INFO 18744 --- [restartedMain] c.n.discovery.InstanceInfoReplicator     : InstanceInfoReplicator onDemand update allowed rate per min is 4
2024-08-23 09:46:41.530  INFO 18744 --- [restartedMain] com.netflix.discovery.DiscoveryClient    : Discovery Client initialized at timestamp 1724417201530 with initial instances count: 2
2024-08-23 09:46:41.531  INFO 18744 --- [restartedMain] o.s.c.n.e.s.EurekaServiceRegistry        : Registering application MSCREDITASSESSOR with eureka with status UP
2024-08-23 09:46:41.531  INFO 18744 --- [restartedMain] com.netflix.discovery.DiscoveryClient    : Saw local status change event StatusChangeEvent [timestamp=1724417201531, current=UP, previous=STARTING]
2024-08-23 09:46:41.532  INFO 18744 --- [DiscoveryClient-InstanceInfoReplicator-0] com.netflix.discovery.DiscoveryClient    : DiscoveryClient_MSCREDITASSESSOR/mscreditassessor:86ad0dbc435405aa6bdbc4df483e6fe0: registering service...
2024-08-23 09:46:41.623  INFO 18744 --- [DiscoveryClient-InstanceInfoReplicator-0] com.netflix.discovery.DiscoveryClient    : DiscoveryClient_MSCREDITASSESSOR/mscreditassessor:86ad0dbc435405aa6bdbc4df483e6fe0 - registration status: 204
2024-08-23 09:46:41.626  INFO 18744 --- [restartedMain] i.g.k.m.MsCreditAssessorApplication      : Started MsCreditAssessorApplication in 3.325 seconds (JVM running for 3.796)
2024-08-23 09:46:41.985  INFO 18744 --- [RMI TCP Connection(2)-192.168.100.111] o.s.a.r.c.CachingConnectionFactory       : Attempting to connect to: [localhost:5672]
2024-08-23 09:46:41.987  INFO 18744 --- [RMI TCP Connection(1)-192.168.100.111] o.a.c.c.C.[Tomcat].[localhost].[/]       : Initializing Spring DispatcherServlet 'dispatcherServlet'
2024-08-23 09:46:41.987  INFO 18744 --- [RMI TCP Connection(1)-192.168.100.111] o.s.web.servlet.DispatcherServlet        : Initializing Servlet 'dispatcherServlet'
2024-08-23 09:46:41.989  INFO 18744 --- [RMI TCP Connection(1)-192.168.100.111] o.s.web.servlet.DispatcherServlet        : Completed initialization in 2 ms
2024-08-23 09:46:42.045  INFO 18744 --- [RMI TCP Connection(2)-192.168.100.111] o.s.a.r.c.CachingConnectionFactory       : Created new connection: rabbitConnectionFactory#3d3c03b2:0/SimpleConnection@64b3d73f [delegate=amqp://guest@127.0.0.1:5672/, localPort= 56450]
2024-08-23 09:50:56.405  INFO 23072 --- [AsyncResolver-bootstrap-executor-0] c.n.d.s.r.aws.ConfigClusterResolver      : Resolving eureka endpoints via configuration
2024-08-23 09:51:14.246  INFO 29208 --- [AsyncResolver-bootstrap-executor-0] c.n.d.s.r.aws.ConfigClusterResolver      : Resolving eureka endpoints via configuration
2024-08-23 09:51:41.311  INFO 18744 --- [AsyncResolver-bootstrap-executor-0] c.n.d.s.r.aws.ConfigClusterResolver      : Resolving eureka endpoints via configuration
2024-08-23 09:55:56.417  INFO 23072 --- [AsyncResolver-bootstrap-executor-0] c.n.d.s.r.aws.ConfigClusterResolver      : Resolving eureka endpoints via configuration
2024-08-23 09:56:14.253  INFO 29208 --- [AsyncResolver-bootstrap-executor-0] c.n.d.s.r.aws.ConfigClusterResolver      : Resolving eureka endpoints via configuration
2024-08-23 09:56:41.319  INFO 18744 --- [AsyncResolver-bootstrap-executor-0] c.n.d.s.r.aws.ConfigClusterResolver      : Resolving eureka endpoints via configuration
2024-08-23 10:00:56.431  INFO 23072 --- [AsyncResolver-bootstrap-executor-0] c.n.d.s.r.aws.ConfigClusterResolver      : Resolving eureka endpoints via configuration
2024-08-23 10:01:14.267  INFO 29208 --- [AsyncResolver-bootstrap-executor-0] c.n.d.s.r.aws.ConfigClusterResolver      : Resolving eureka endpoints via configuration
2024-08-23 10:01:41.334  INFO 18744 --- [AsyncResolver-bootstrap-executor-0] c.n.d.s.r.aws.ConfigClusterResolver      : Resolving eureka endpoints via configuration
2024-08-23 10:05:56.447  INFO 23072 --- [AsyncResolver-bootstrap-executor-0] c.n.d.s.r.aws.ConfigClusterResolver      : Resolving eureka endpoints via configuration
2024-08-23 10:06:14.270  INFO 29208 --- [AsyncResolver-bootstrap-executor-0] c.n.d.s.r.aws.ConfigClusterResolver      : Resolving eureka endpoints via configuration
2024-08-23 10:06:41.347  INFO 18744 --- [AsyncResolver-bootstrap-executor-0] c.n.d.s.r.aws.ConfigClusterResolver      : Resolving eureka endpoints via configuration
2024-08-23 10:10:56.453  INFO 23072 --- [AsyncResolver-bootstrap-executor-0] c.n.d.s.r.aws.ConfigClusterResolver      : Resolving eureka endpoints via configuration
2024-08-23 10:11:14.271  INFO 29208 --- [AsyncResolver-bootstrap-executor-0] c.n.d.s.r.aws.ConfigClusterResolver      : Resolving eureka endpoints via configuration
2024-08-23 10:11:41.352  INFO 18744 --- [AsyncResolver-bootstrap-executor-0] c.n.d.s.r.aws.ConfigClusterResolver      : Resolving eureka endpoints via configuration
2024-08-23 10:15:56.459  INFO 23072 --- [AsyncResolver-bootstrap-executor-0] c.n.d.s.r.aws.ConfigClusterResolver      : Resolving eureka endpoints via configuration
2024-08-23 10:16:14.285  INFO 29208 --- [AsyncResolver-bootstrap-executor-0] c.n.d.s.r.aws.ConfigClusterResolver      : Resolving eureka endpoints via configuration
2024-08-23 10:16:41.353  INFO 18744 --- [AsyncResolver-bootstrap-executor-0] c.n.d.s.r.aws.ConfigClusterResolver      : Resolving eureka endpoints via configuration
2024-08-23 10:20:56.459  INFO 23072 --- [AsyncResolver-bootstrap-executor-0] c.n.d.s.r.aws.ConfigClusterResolver      : Resolving eureka endpoints via configuration
2024-08-23 10:21:14.298  INFO 29208 --- [AsyncResolver-bootstrap-executor-0] c.n.d.s.r.aws.ConfigClusterResolver      : Resolving eureka endpoints via configuration
2024-08-23 10:21:41.355  INFO 18744 --- [AsyncResolver-bootstrap-executor-0] c.n.d.s.r.aws.ConfigClusterResolver      : Resolving eureka endpoints via configuration
2024-08-23 10:25:56.463  INFO 23072 --- [AsyncResolver-bootstrap-executor-0] c.n.d.s.r.aws.ConfigClusterResolver      : Resolving eureka endpoints via configuration
2024-08-23 10:26:14.312  INFO 29208 --- [AsyncResolver-bootstrap-executor-0] c.n.d.s.r.aws.ConfigClusterResolver      : Resolving eureka endpoints via configuration
2024-08-23 10:26:41.370  INFO 18744 --- [AsyncResolver-bootstrap-executor-0] c.n.d.s.r.aws.ConfigClusterResolver      : Resolving eureka endpoints via configuration
2024-08-23 10:30:56.471  INFO 23072 --- [AsyncResolver-bootstrap-executor-0] c.n.d.s.r.aws.ConfigClusterResolver      : Resolving eureka endpoints via configuration
2024-08-23 10:31:14.327  INFO 29208 --- [AsyncResolver-bootstrap-executor-0] c.n.d.s.r.aws.ConfigClusterResolver      : Resolving eureka endpoints via configuration
2024-08-23 10:31:41.381  INFO 18744 --- [AsyncResolver-bootstrap-executor-0] c.n.d.s.r.aws.ConfigClusterResolver      : Resolving eureka endpoints via configuration
2024-08-23 10:35:56.475  INFO 23072 --- [AsyncResolver-bootstrap-executor-0] c.n.d.s.r.aws.ConfigClusterResolver      : Resolving eureka endpoints via configuration
2024-08-23 10:36:14.333  INFO 29208 --- [AsyncResolver-bootstrap-executor-0] c.n.d.s.r.aws.ConfigClusterResolver      : Resolving eureka endpoints via configuration
2024-08-23 10:36:41.397  INFO 18744 --- [AsyncResolver-bootstrap-executor-0] c.n.d.s.r.aws.ConfigClusterResolver      : Resolving eureka endpoints via configuration
2024-08-23 10:40:56.483  INFO 23072 --- [AsyncResolver-bootstrap-executor-0] c.n.d.s.r.aws.ConfigClusterResolver      : Resolving eureka endpoints via configuration
2024-08-23 10:41:14.339  INFO 29208 --- [AsyncResolver-bootstrap-executor-0] c.n.d.s.r.aws.ConfigClusterResolver      : Resolving eureka endpoints via configuration
2024-08-23 10:41:41.403  INFO 18744 --- [AsyncResolver-bootstrap-executor-0] c.n.d.s.r.aws.ConfigClusterResolver      : Resolving eureka endpoints via configuration
2024-08-23 10:45:56.493  INFO 23072 --- [AsyncResolver-bootstrap-executor-0] c.n.d.s.r.aws.ConfigClusterResolver      : Resolving eureka endpoints via configuration
2024-08-23 10:46:14.354  INFO 29208 --- [AsyncResolver-bootstrap-executor-0] c.n.d.s.r.aws.ConfigClusterResolver      : Resolving eureka endpoints via configuration
2024-08-23 10:46:41.420  INFO 18744 --- [AsyncResolver-bootstrap-executor-0] c.n.d.s.r.aws.ConfigClusterResolver      : Resolving eureka endpoints via configuration
2024-08-23 10:50:56.497  INFO 23072 --- [AsyncResolver-bootstrap-executor-0] c.n.d.s.r.aws.ConfigClusterResolver      : Resolving eureka endpoints via configuration
2024-08-23 10:51:14.359  INFO 29208 --- [AsyncResolver-bootstrap-executor-0] c.n.d.s.r.aws.ConfigClusterResolver      : Resolving eureka endpoints via configuration
2024-08-23 10:51:41.430  INFO 18744 --- [AsyncResolver-bootstrap-executor-0] c.n.d.s.r.aws.ConfigClusterResolver      : Resolving eureka endpoints via configuration
2024-08-23 10:55:56.501  INFO 23072 --- [AsyncResolver-bootstrap-executor-0] c.n.d.s.r.aws.ConfigClusterResolver      : Resolving eureka endpoints via configuration
2024-08-23 10:56:14.373  INFO 29208 --- [AsyncResolver-bootstrap-executor-0] c.n.d.s.r.aws.ConfigClusterResolver      : Resolving eureka endpoints via configuration
2024-08-23 10:56:41.443  INFO 18744 --- [AsyncResolver-bootstrap-executor-0] c.n.d.s.r.aws.ConfigClusterResolver      : Resolving eureka endpoints via configuration
2024-08-23 11:00:56.507  INFO 23072 --- [AsyncResolver-bootstrap-executor-0] c.n.d.s.r.aws.ConfigClusterResolver      : Resolving eureka endpoints via configuration
2024-08-23 11:01:14.376  INFO 29208 --- [AsyncResolver-bootstrap-executor-0] c.n.d.s.r.aws.ConfigClusterResolver      : Resolving eureka endpoints via configuration
2024-08-23 11:01:41.449  INFO 18744 --- [AsyncResolver-bootstrap-executor-0] c.n.d.s.r.aws.ConfigClusterResolver      : Resolving eureka endpoints via configuration
2024-08-23 11:05:56.513  INFO 23072 --- [AsyncResolver-bootstrap-executor-0] c.n.d.s.r.aws.ConfigClusterResolver      : Resolving eureka endpoints via configuration
2024-08-23 11:06:14.388  INFO 29208 --- [AsyncResolver-bootstrap-executor-0] c.n.d.s.r.aws.ConfigClusterResolver      : Resolving eureka endpoints via configuration
2024-08-23 11:06:41.450  INFO 18744 --- [AsyncResolver-bootstrap-executor-0] c.n.d.s.r.aws.ConfigClusterResolver      : Resolving eureka endpoints via configuration
2024-08-23 11:07:47.775  INFO 23072 --- [http-nio-auto-1-exec-7] i.g.k.m.application.ClientsResource      : Obtendo o status do microservice de clientes
2024-08-23 11:10:56.529  INFO 23072 --- [AsyncResolver-bootstrap-executor-0] c.n.d.s.r.aws.ConfigClusterResolver      : Resolving eureka endpoints via configuration
2024-08-23 11:11:14.391  INFO 29208 --- [AsyncResolver-bootstrap-executor-0] c.n.d.s.r.aws.ConfigClusterResolver      : Resolving eureka endpoints via configuration
2024-08-23 11:11:41.461  INFO 18744 --- [AsyncResolver-bootstrap-executor-0] c.n.d.s.r.aws.ConfigClusterResolver      : Resolving eureka endpoints via configuration
2024-08-23 11:15:56.539  INFO 23072 --- [AsyncResolver-bootstrap-executor-0] c.n.d.s.r.aws.ConfigClusterResolver      : Resolving eureka endpoints via configuration
2024-08-23 11:16:14.393  INFO 29208 --- [AsyncResolver-bootstrap-executor-0] c.n.d.s.r.aws.ConfigClusterResolver      : Resolving eureka endpoints via configuration
2024-08-23 11:16:41.465  INFO 18744 --- [AsyncResolver-bootstrap-executor-0] c.n.d.s.r.aws.ConfigClusterResolver      : Resolving eureka endpoints via configuration
2024-08-23 11:20:56.545  INFO 23072 --- [AsyncResolver-bootstrap-executor-0] c.n.d.s.r.aws.ConfigClusterResolver      : Resolving eureka endpoints via configuration
2024-08-23 11:21:14.405  INFO 29208 --- [AsyncResolver-bootstrap-executor-0] c.n.d.s.r.aws.ConfigClusterResolver      : Resolving eureka endpoints via configuration
2024-08-23 11:21:41.476  INFO 18744 --- [AsyncResolver-bootstrap-executor-0] c.n.d.s.r.aws.ConfigClusterResolver      : Resolving eureka endpoints via configuration
2024-08-23 11:25:56.559  INFO 23072 --- [AsyncResolver-bootstrap-executor-0] c.n.d.s.r.aws.ConfigClusterResolver      : Resolving eureka endpoints via configuration
2024-08-23 11:26:14.418  INFO 29208 --- [AsyncResolver-bootstrap-executor-0] c.n.d.s.r.aws.ConfigClusterResolver      : Resolving eureka endpoints via configuration
2024-08-23 11:26:41.477  INFO 18744 --- [AsyncResolver-bootstrap-executor-0] c.n.d.s.r.aws.ConfigClusterResolver      : Resolving eureka endpoints via configuration
2024-08-23 11:30:56.561  INFO 23072 --- [AsyncResolver-bootstrap-executor-0] c.n.d.s.r.aws.ConfigClusterResolver      : Resolving eureka endpoints via configuration
2024-08-23 11:31:14.433  INFO 29208 --- [AsyncResolver-bootstrap-executor-0] c.n.d.s.r.aws.ConfigClusterResolver      : Resolving eureka endpoints via configuration
2024-08-23 11:31:41.479  INFO 18744 --- [AsyncResolver-bootstrap-executor-0] c.n.d.s.r.aws.ConfigClusterResolver      : Resolving eureka endpoints via configuration
2024-08-23 11:35:56.572  INFO 23072 --- [AsyncResolver-bootstrap-executor-0] c.n.d.s.r.aws.ConfigClusterResolver      : Resolving eureka endpoints via configuration
2024-08-23 11:36:14.447  INFO 29208 --- [AsyncResolver-bootstrap-executor-0] c.n.d.s.r.aws.ConfigClusterResolver      : Resolving eureka endpoints via configuration
2024-08-23 11:36:41.483  INFO 18744 --- [AsyncResolver-bootstrap-executor-0] c.n.d.s.r.aws.ConfigClusterResolver      : Resolving eureka endpoints via configuration
2024-08-23 11:40:56.573  INFO 23072 --- [AsyncResolver-bootstrap-executor-0] c.n.d.s.r.aws.ConfigClusterResolver      : Resolving eureka endpoints via configuration
2024-08-23 11:41:14.448  INFO 29208 --- [AsyncResolver-bootstrap-executor-0] c.n.d.s.r.aws.ConfigClusterResolver      : Resolving eureka endpoints via configuration
2024-08-23 11:41:41.497  INFO 18744 --- [AsyncResolver-bootstrap-executor-0] c.n.d.s.r.aws.ConfigClusterResolver      : Resolving eureka endpoints via configuration
2024-08-23 11:45:56.577  INFO 23072 --- [AsyncResolver-bootstrap-executor-0] c.n.d.s.r.aws.ConfigClusterResolver      : Resolving eureka endpoints via configuration
2024-08-23 11:46:14.461  INFO 29208 --- [AsyncResolver-bootstrap-executor-0] c.n.d.s.r.aws.ConfigClusterResolver      : Resolving eureka endpoints via configuration
2024-08-23 11:46:41.501  INFO 18744 --- [AsyncResolver-bootstrap-executor-0] c.n.d.s.r.aws.ConfigClusterResolver      : Resolving eureka endpoints via configuration
2024-08-23 11:50:56.581  INFO 23072 --- [AsyncResolver-bootstrap-executor-0] c.n.d.s.r.aws.ConfigClusterResolver      : Resolving eureka endpoints via configuration
2024-08-23 11:51:14.471  INFO 29208 --- [AsyncResolver-bootstrap-executor-0] c.n.d.s.r.aws.ConfigClusterResolver      : Resolving eureka endpoints via configuration
2024-08-23 11:51:41.508  INFO 18744 --- [AsyncResolver-bootstrap-executor-0] c.n.d.s.r.aws.ConfigClusterResolver      : Resolving eureka endpoints via configuration
2024-08-23 11:55:56.587  INFO 23072 --- [AsyncResolver-bootstrap-executor-0] c.n.d.s.r.aws.ConfigClusterResolver      : Resolving eureka endpoints via configuration
2024-08-23 11:56:14.485  INFO 29208 --- [AsyncResolver-bootstrap-executor-0] c.n.d.s.r.aws.ConfigClusterResolver      : Resolving eureka endpoints via configuration
2024-08-23 11:56:41.523  INFO 18744 --- [AsyncResolver-bootstrap-executor-0] c.n.d.s.r.aws.ConfigClusterResolver      : Resolving eureka endpoints via configuration
