2024-08-22 12:47:53.688  INFO 15580 --- [main] i.g.k.mscards.MscardsApplicationTests    : Starting MscardsApplicationTests using Java 17.0.10 on DESKTOP-8VM9LNU with PID 15580 (started by Ryzen7 in D:\DEV\Java\_Projetos\microservices\microservices\mscards)
2024-08-22 12:47:53.692  INFO 15580 --- [main] i.g.k.mscards.MscardsApplicationTests    : No active profile set, falling back to 1 default profile: "default"
2024-08-22 12:47:54.676  INFO 15580 --- [main] .s.d.r.c.RepositoryConfigurationDelegate : Bootstrapping Spring Data JPA repositories in DEFAULT mode.
2024-08-22 12:47:54.796  INFO 15580 --- [main] .s.d.r.c.RepositoryConfigurationDelegate : Finished Spring Data repository scanning in 106 ms. Found 2 JPA repository interfaces.
2024-08-22 12:47:55.015  INFO 15580 --- [main] o.s.cloud.context.scope.GenericScope     : BeanFactory id=cf0bf154-4b6b-3cd9-94a8-5540873726fa
2024-08-22 12:47:55.444  INFO 15580 --- [main] com.zaxxer.hikari.HikariDataSource       : HikariPool-1 - Starting...
2024-08-22 12:47:55.661  INFO 15580 --- [main] com.zaxxer.hikari.HikariDataSource       : HikariPool-1 - Start completed.
2024-08-22 12:47:55.726  INFO 15580 --- [main] o.hibernate.jpa.internal.util.LogHelper  : HHH000204: Processing PersistenceUnitInfo [name: default]
2024-08-22 12:47:55.793  INFO 15580 --- [main] org.hibernate.Version                    : HHH000412: Hibernate ORM core version 5.6.9.Final
2024-08-22 12:47:55.934  INFO 15580 --- [main] o.hibernate.annotations.common.Version   : HCANN000001: Hibernate Commons Annotations {5.1.2.Final}
2024-08-22 12:47:56.039  INFO 15580 --- [main] org.hibernate.dialect.Dialect            : HHH000400: Using dialect: org.hibernate.dialect.H2Dialect
2024-08-22 12:47:56.476  INFO 15580 --- [main] o.h.e.t.j.p.i.JtaPlatformInitiator       : HHH000490: Using JtaPlatform implementation: [org.hibernate.engine.transaction.jta.platform.internal.NoJtaPlatform]
2024-08-22 12:47:56.482  INFO 15580 --- [main] j.LocalContainerEntityManagerFactoryBean : Initialized JPA EntityManagerFactory for persistence unit 'default'
2024-08-22 12:47:57.373  WARN 15580 --- [main] JpaBaseConfiguration$JpaWebConfiguration : spring.jpa.open-in-view is enabled by default. Therefore, database queries may be performed during view rendering. Explicitly configure spring.jpa.open-in-view to disable this warning
2024-08-22 12:48:00.046  INFO 15580 --- [main] DiscoveryClientOptionalArgsConfiguration : Eureka HTTP Client uses RestTemplate.
2024-08-22 12:48:00.158  WARN 15580 --- [main] iguration$LoadBalancerCaffeineWarnLogger : Spring Cloud LoadBalancer is currently working with the default cache. While this cache implementation is useful for development and tests, it's recommended to use Caffeine cache in production.You can switch to using Caffeine cache, by adding it and org.springframework.cache.caffeine.CaffeineCacheManager to the classpath.
2024-08-22 12:48:00.171  INFO 15580 --- [main] o.s.b.a.e.web.EndpointLinksResolver      : Exposing 17 endpoint(s) beneath base path '/actuator'
2024-08-22 12:48:00.273  INFO 15580 --- [main] o.s.a.r.c.CachingConnectionFactory       : Attempting to connect to: [localhost:15672]
2024-08-22 12:48:10.294  INFO 15580 --- [main] o.s.a.r.l.SimpleMessageListenerContainer : Broker not available; cannot force queue declarations during start: java.io.IOException
2024-08-22 12:48:10.300  INFO 15580 --- [org.springframework.amqp.rabbit.RabbitListenerEndpointContainer#0-1] o.s.a.r.c.CachingConnectionFactory       : Attempting to connect to: [localhost:15672]
2024-08-22 12:48:15.301  WARN 15580 --- [AMQP Connection 127.0.0.1:15672] c.r.c.impl.ForgivingExceptionHandler     : An unexpected connection driver error occurred (Exception message: Socket closed)
2024-08-22 12:48:20.318  INFO 15580 --- [main] i.g.k.mscards.MscardsApplicationTests    : Started MscardsApplicationTests in 26.998 seconds (JVM running for 27.743)
2024-08-22 12:48:20.491  INFO 15580 --- [SpringApplicationShutdownHook] o.s.c.n.eureka.InstanceInfoFactory       : Setting initial instance status as: STARTING
2024-08-22 12:48:20.492  INFO 15580 --- [SpringApplicationShutdownHook] o.s.c.n.e.s.EurekaServiceRegistry        : Unregistering application MSCARDS with eureka with status DOWN
2024-08-22 12:48:20.495  INFO 15580 --- [org.springframework.amqp.rabbit.RabbitListenerEndpointContainer#0-2] o.s.a.r.l.SimpleMessageListenerContainer : Waiting for workers to finish.
2024-08-22 12:48:20.496  INFO 15580 --- [org.springframework.amqp.rabbit.RabbitListenerEndpointContainer#0-2] o.s.a.r.l.SimpleMessageListenerContainer : Successfully waited for workers to finish.
2024-08-22 12:48:20.502  INFO 15580 --- [SpringApplicationShutdownHook] o.s.a.r.l.SimpleMessageListenerContainer : Shutdown ignored - container is already stopped
2024-08-22 12:48:20.503  INFO 15580 --- [SpringApplicationShutdownHook] j.LocalContainerEntityManagerFactoryBean : Closing JPA EntityManagerFactory for persistence unit 'default'
2024-08-22 12:48:20.504  INFO 15580 --- [SpringApplicationShutdownHook] .SchemaDropperImpl$DelayedDropActionImpl : HHH000477: Starting delayed evictData of schema as part of SessionFactory shut-down'
2024-08-22 12:48:20.507  INFO 15580 --- [SpringApplicationShutdownHook] com.zaxxer.hikari.HikariDataSource       : HikariPool-1 - Shutdown initiated...
2024-08-22 12:48:20.509  INFO 15580 --- [SpringApplicationShutdownHook] com.zaxxer.hikari.HikariDataSource       : HikariPool-1 - Shutdown completed.
2024-08-22 12:54:21.937  INFO 28600 --- [main] i.g.k.mscards.MscardsApplicationTests    : Starting MscardsApplicationTests using Java 17.0.10 on DESKTOP-8VM9LNU with PID 28600 (started by Ryzen7 in D:\DEV\Java\_Projetos\microservices\microservices\mscards)
2024-08-22 12:54:21.938  INFO 28600 --- [main] i.g.k.mscards.MscardsApplicationTests    : No active profile set, falling back to 1 default profile: "default"
2024-08-22 12:54:22.848  INFO 28600 --- [main] .s.d.r.c.RepositoryConfigurationDelegate : Bootstrapping Spring Data JPA repositories in DEFAULT mode.
2024-08-22 12:54:22.956  INFO 28600 --- [main] .s.d.r.c.RepositoryConfigurationDelegate : Finished Spring Data repository scanning in 99 ms. Found 2 JPA repository interfaces.
2024-08-22 12:54:23.151  INFO 28600 --- [main] o.s.cloud.context.scope.GenericScope     : BeanFactory id=cf0bf154-4b6b-3cd9-94a8-5540873726fa
2024-08-22 12:54:23.624  INFO 28600 --- [main] com.zaxxer.hikari.HikariDataSource       : HikariPool-1 - Starting...
2024-08-22 12:54:23.857  INFO 28600 --- [main] com.zaxxer.hikari.HikariDataSource       : HikariPool-1 - Start completed.
2024-08-22 12:54:23.952  INFO 28600 --- [main] o.hibernate.jpa.internal.util.LogHelper  : HHH000204: Processing PersistenceUnitInfo [name: default]
2024-08-22 12:54:24.015  INFO 28600 --- [main] org.hibernate.Version                    : HHH000412: Hibernate ORM core version 5.6.9.Final
2024-08-22 12:54:24.187  INFO 28600 --- [main] o.hibernate.annotations.common.Version   : HCANN000001: Hibernate Commons Annotations {5.1.2.Final}
2024-08-22 12:54:24.286  INFO 28600 --- [main] org.hibernate.dialect.Dialect            : HHH000400: Using dialect: org.hibernate.dialect.H2Dialect
2024-08-22 12:54:24.674  INFO 28600 --- [main] o.h.e.t.j.p.i.JtaPlatformInitiator       : HHH000490: Using JtaPlatform implementation: [org.hibernate.engine.transaction.jta.platform.internal.NoJtaPlatform]
2024-08-22 12:54:24.680  INFO 28600 --- [main] j.LocalContainerEntityManagerFactoryBean : Initialized JPA EntityManagerFactory for persistence unit 'default'
2024-08-22 12:54:25.562  WARN 28600 --- [main] JpaBaseConfiguration$JpaWebConfiguration : spring.jpa.open-in-view is enabled by default. Therefore, database queries may be performed during view rendering. Explicitly configure spring.jpa.open-in-view to disable this warning
2024-08-22 12:54:28.466  INFO 28600 --- [main] DiscoveryClientOptionalArgsConfiguration : Eureka HTTP Client uses RestTemplate.
2024-08-22 12:54:28.624  WARN 28600 --- [main] iguration$LoadBalancerCaffeineWarnLogger : Spring Cloud LoadBalancer is currently working with the default cache. While this cache implementation is useful for development and tests, it's recommended to use Caffeine cache in production.You can switch to using Caffeine cache, by adding it and org.springframework.cache.caffeine.CaffeineCacheManager to the classpath.
2024-08-22 12:54:28.637  INFO 28600 --- [main] o.s.b.a.e.web.EndpointLinksResolver      : Exposing 17 endpoint(s) beneath base path '/actuator'
2024-08-22 12:54:28.762  INFO 28600 --- [main] o.s.a.r.c.CachingConnectionFactory       : Attempting to connect to: [localhost:15672]
2024-08-22 12:54:38.778  INFO 28600 --- [main] o.s.a.r.l.SimpleMessageListenerContainer : Broker not available; cannot force queue declarations during start: java.io.IOException
2024-08-22 12:54:38.782  INFO 28600 --- [org.springframework.amqp.rabbit.RabbitListenerEndpointContainer#0-1] o.s.a.r.c.CachingConnectionFactory       : Attempting to connect to: [localhost:15672]
2024-08-22 12:54:48.802  INFO 28600 --- [main] i.g.k.mscards.MscardsApplicationTests    : Started MscardsApplicationTests in 27.235 seconds (JVM running for 27.901)
2024-08-22 12:54:48.976  INFO 28600 --- [SpringApplicationShutdownHook] o.s.c.n.eureka.InstanceInfoFactory       : Setting initial instance status as: STARTING
2024-08-22 12:54:48.978  INFO 28600 --- [SpringApplicationShutdownHook] o.s.c.n.e.s.EurekaServiceRegistry        : Unregistering application MSCARDS with eureka with status DOWN
2024-08-22 12:54:48.981  INFO 28600 --- [org.springframework.amqp.rabbit.RabbitListenerEndpointContainer#0-2] o.s.a.r.l.SimpleMessageListenerContainer : Waiting for workers to finish.
2024-08-22 12:54:48.981  INFO 28600 --- [org.springframework.amqp.rabbit.RabbitListenerEndpointContainer#0-2] o.s.a.r.l.SimpleMessageListenerContainer : Successfully waited for workers to finish.
2024-08-22 12:54:48.987  INFO 28600 --- [SpringApplicationShutdownHook] o.s.a.r.l.SimpleMessageListenerContainer : Shutdown ignored - container is already stopped
2024-08-22 12:54:48.988  INFO 28600 --- [SpringApplicationShutdownHook] j.LocalContainerEntityManagerFactoryBean : Closing JPA EntityManagerFactory for persistence unit 'default'
2024-08-22 12:54:48.989  INFO 28600 --- [SpringApplicationShutdownHook] .SchemaDropperImpl$DelayedDropActionImpl : HHH000477: Starting delayed evictData of schema as part of SessionFactory shut-down'
2024-08-22 12:54:48.992  INFO 28600 --- [SpringApplicationShutdownHook] com.zaxxer.hikari.HikariDataSource       : HikariPool-1 - Shutdown initiated...
2024-08-22 12:54:48.993  INFO 28600 --- [SpringApplicationShutdownHook] com.zaxxer.hikari.HikariDataSource       : HikariPool-1 - Shutdown completed.
